Arguments: 
  D:\software\symlink\node.exe C:\Users\c-zhangf12\AppData\Roaming\npm\node_modules\yarn\bin\yarn.js

PATH: 
  C:\Program Files\Common Files\Oracle\Java\javapath;C:\Program Files\Common Files\Microsoft Shared\Microsoft Online Services;C:\Program Files (x86)\Common Files\Microsoft Shared\Microsoft Online Services;C:\Windows\system32;C:\Windows;C:\Windows\System32\Wbem;C:\Windows\System32\WindowsPowerShell\v1.0\;C:\Windows\System32\OpenSSH\;D:\software\Git\cmd;D:\software\微信web开发者工具\dll;%JAVA_HOME\bin;D:\software\mysql\bin;D:\software\nvm;D:\software\symlink;C:\Users\c-zhangf12\AppData\Local\Microsoft\WindowsApps;D:\Microsoft VS Code\bin;C:\Users\c-zhangf12\AppData\Roaming\npm;D:\software\IntelliJ IDEA 2022.1.2\bin;;D:\software\nvm;D:\software\symlink

Yarn version: 
  1.22.19

Node version: 
  14.21.2

Platform: 
  win32 x64

Trace: 
  Error: unexpected end of file
      at Zlib.zlibOnError [as onerror] (zlib.js:187:17)

npm manifest: 
  {
    "name": "clean-turbo",
    "version": "0.0.1",
    "scripts": {
      "dev": "vite --host",
      "build:staging": "vite build --mode staging",
      "build": "vite build",
      "serve": "vite preview",
      "analyze": "cross-env ANALYZE=true vite build",
      "eslint": "npx eslint . --ext .vue,.tsx,.js,.ts,.tsx, --fix src",
      "prettier": "prettier --write '**/**.{js,jsx,vue,tsx,ts}'",
      "windicss": "npx windicss-analysis",
      "test": "vitest",
      "prepare": "husky install"
    },
    "lint-staged": {
      "*.{ts,tsx,vue}": [
        "eslint --fix --ext",
        "prettier --write"
      ]
    },
    "config": {
      "commitizen": {
        "path": "node_modules/cz-conventional-changelog"
      }
    },
    "dependencies": {
      "@ant-design/icons-vue": "^6.1.0",
      "@vueuse/core": "^9.12.0",
      "ant-design-vue": "^3.2.15",
      "axios": "^1.2.6",
      "dayjs": "^1.11.7",
      "lodash-es": "^4.17.21",
      "nprogress": "^0.2.0",
      "pinia": "^2.0.29",
      "query-string": "^8.1.0",
      "vue": "^3.2.45",
      "vue-request": "^2.0.0-rc.4",
      "vue-router": "^4.1.6"
    },
    "devDependencies": {
      "@babel/core": "^7.20.12",
      "@babel/eslint-parser": "^7.19.1",
      "@commitlint/cli": "^17.4.2",
      "@commitlint/config-conventional": "^17.4.2",
      "@sentry/browser": "^6.19.7",
      "@sentry/integrations": "^6.19.7",
      "@types/lodash-es": "^4.17.6",
      "@types/node": "^18.11.18",
      "@types/nprogress": "^0.2.0",
      "@typescript-eslint/eslint-plugin": "^5.49.0",
      "@typescript-eslint/parser": "^5.49.0",
      "@vitejs/plugin-legacy": "^3.0.2",
      "@vitejs/plugin-vue": "^4.0.0",
      "@vitejs/plugin-vue-jsx": "^3.0.0",
      "@vue/test-utils": "^2.2.8",
      "consola": "^2.15.3",
      "cross-env": "^7.0.3",
      "cz-conventional-changelog": "^3.3.0",
      "eslint": "^8.33.0",
      "eslint-config-alloy": "^4.9.0",
      "eslint-plugin-vue": "^9.9.0",
      "husky": "^8.0.3",
      "jsdom": "^21.1.0",
      "less": "^4.1.3",
      "lint-staged": "^13.1.0",
      "prettier": "^2.8.3",
      "rollup-plugin-visualizer": "^5.9.0",
      "terser": "^5.16.1",
      "typescript": "4.9.4",
      "unplugin-auto-import": "^0.13.0",
      "unplugin-vue-components": "^0.23.0",
      "vite": "^4.0.4",
      "vite-plugin-style-import": "^2.0.0",
      "vite-plugin-svg-icons": "^2.0.1",
      "vite-plugin-windicss": "^1.8.10",
      "vitest": "^0.28.3",
      "vue-eslint-parser": "^9.1.0",
      "vue-tsc": "^1.0.24"
    }
  }

yarn manifest: 
  No manifest

Lockfile: 
  No lockfile
